2024-10-10T18:12:30.128Z [INFO]: Server is running on port 3000
2024-10-10T18:12:50.242Z [INFO]: Server is running on port 3000
2024-10-10T18:12:53.954Z [INFO]: listening on port 3000
2024-10-10T18:13:04.688Z [INFO]: listening on port 3000
2024-10-10T18:13:07.203Z [INFO]: listening on port 3000
2024-10-10T18:13:23.385Z [INFO]: listening on port 3000
2024-10-10T18:13:24.363Z [INFO]: Database Connected
2024-10-10T18:13:29.700Z [INFO]: Incoming request: POST /api/user/register
2024-10-10T18:13:44.528Z [INFO]: Incoming request: POST /api/user/update/6706e6b3ba23410536a05c5e
2024-10-10T18:47:44.810Z [INFO]: listening on port 3000
2024-10-10T18:47:46.633Z [INFO]: listening on port 3000
2024-10-10T18:47:48.514Z [INFO]: Database Connected
2024-10-10T18:47:50.594Z [INFO]: listening on port 3000
2024-10-10T18:47:51.619Z [INFO]: Database Connected
2024-10-10T18:47:59.355Z [INFO]: listening on port 3000
2024-10-10T18:48:01.057Z [INFO]: listening on port 3000
2024-10-10T18:48:02.033Z [INFO]: Database Connected
2024-10-10T18:49:16.238Z [INFO]: listening on port 3000
2024-10-10T18:49:17.463Z [INFO]: Database Connected
2024-10-10T18:49:19.267Z [INFO]: listening on port 3000
2024-10-10T18:49:21.946Z [INFO]: listening on port 3000
2024-10-10T18:49:22.953Z [INFO]: Database Connected
2024-10-10T18:49:25.401Z [INFO]: listening on port 3000
2024-10-10T18:49:26.394Z [INFO]: Database Connected
2024-10-10T18:49:29.477Z [INFO]: listening on port 3000
2024-10-10T18:49:32.129Z [INFO]: listening on port 3000
2024-10-10T18:49:33.286Z [INFO]: Database Connected
2024-10-10T18:52:32.814Z [INFO]: listening on port 3000
2024-10-10T18:52:35.512Z [INFO]: listening on port 3000
2024-10-10T18:52:36.710Z [INFO]: Database Connected
2024-10-10T19:17:58.179Z [INFO]: listening on port 3000
2024-10-10T19:18:00.190Z [INFO]: Database Connected
2024-10-10T19:19:30.583Z [INFO]: Incoming request: GET /api/user/all-users
2024-10-10T19:19:36.787Z [INFO]: Incoming request: POST /api/user/register
2024-10-10T19:19:48.755Z [INFO]: Incoming request: POST /api/user/register
2024-10-10T19:20:15.825Z [INFO]: Incoming request: GET /api/user/all-users
2024-10-10T19:20:18.294Z [INFO]: Incoming request: GET /api/user/all-users
2024-10-10T19:20:24.370Z [INFO]: Incoming request: GET /api/user/all-users
2024-10-10T19:20:28.776Z [INFO]: Incoming request: GET /api/user/all-users
2024-10-10T19:21:51.706Z [INFO]: Incoming request: GET /api/user/all-users
2024-10-10T19:23:41.761Z [INFO]: Incoming request: GET /api/user/all-users
2024-10-10T19:23:46.306Z [INFO]: Incoming request: POST /api/user/register
2024-10-10T19:24:25.679Z [INFO]: Incoming request: GET /api/user/all-users
2024-10-10T19:24:31.960Z [INFO]: Incoming request: GET /api/user/all-users
2024-10-10T19:24:54.009Z [INFO]: Incoming request: GET /api/user/all-users
2024-10-10T19:28:01.285Z [INFO]: Incoming request: GET /api/customer/all-customers
2024-10-10T19:28:23.952Z [INFO]: Incoming request: GET /api/customer/all-customers
2024-10-10T19:28:26.522Z [INFO]: Incoming request: GET /api/customer/all-customers
2024-10-10T19:28:30.860Z [INFO]: Incoming request: GET /api/customer/all-customers
2024-10-10T19:30:19.991Z [INFO]: Incoming request: POST /api/user/login
2024-10-10T19:31:20.683Z [INFO]: Incoming request: GET /api/user/all-users
2024-10-10T19:31:20.685Z [INFO]: Incoming request: GET /api/area/all
2024-10-10T19:31:21.087Z [INFO]: Incoming request: GET /api/user/all-users
2024-10-10T19:31:21.196Z [INFO]: Incoming request: GET /api/user/all-users
2024-10-10T19:31:21.705Z [INFO]: Incoming request: GET /api/user/all-users
2024-10-10T19:31:28.932Z [INFO]: Incoming request: POST /api/user/register
2024-10-10T19:35:48.942Z [INFO]: listening on port 3000
2024-10-10T19:35:50.849Z [INFO]: Database Connected
2024-10-10T19:35:52.089Z [INFO]: listening on port 3000
2024-10-10T19:35:53.877Z [INFO]: Database Connected
2024-10-10T19:35:56.933Z [INFO]: listening on port 3000
2024-10-10T19:35:58.739Z [INFO]: Database Connected
2024-10-10T19:39:25.648Z [INFO]: Incoming request: POST /api/user/login
2024-10-10T19:42:18.377Z [INFO]: Incoming request: POST /api/user/login
2024-10-10T21:38:06.136Z [INFO]: listening on port 3000
2024-10-10T21:38:10.934Z [INFO]: Database Connected
2024-10-10T22:04:54.425Z [INFO]: Incoming request: GET /api/user/all-users
2024-10-10T22:04:59.748Z [INFO]: Incoming request: POST /api/user/register
2024-10-10T22:05:59.889Z [INFO]: listening on port 3000
2024-10-10T22:06:01.194Z [INFO]: Incoming request: POST /api/user/register
2024-10-10T22:06:01.203Z [INFO]: Database Connected
2024-10-10T22:10:59.537Z [INFO]: Incoming request: GET /api/user/all-users
2024-10-10T22:11:08.287Z [INFO]: Incoming request: GET /api/user/all-users
2024-10-10T22:11:40.283Z [INFO]: Incoming request: GET /api/user/all-users
2024-10-10T22:11:42.313Z [INFO]: Incoming request: GET /api/user/all-users
2024-10-10T22:11:49.284Z [INFO]: Incoming request: GET /api/user/all-users
2024-10-10T22:11:57.290Z [INFO]: Incoming request: GET /api/user/all-users
2024-10-10T22:12:07.276Z [INFO]: Incoming request: GET /api/user/all-users
2024-10-10T22:17:21.157Z [INFO]: listening on port 3000
2024-10-10T22:17:22.496Z [INFO]: Database Connected
2024-10-10T22:18:53.661Z [INFO]: listening on port 3000
2024-10-10T22:18:55.173Z [INFO]: Database Connected
2024-10-10T22:20:35.139Z [INFO]: listening on port 3000
2024-10-10T22:20:37.636Z [INFO]: Database Connected
2024-10-10T22:21:33.437Z [INFO]: listening on port 3000
2024-10-10T22:21:35.922Z [INFO]: Database Connected
2024-10-10T23:08:25.721Z [INFO]: Incoming request: GET /api/user/all-users
2024-10-10T23:08:52.932Z [INFO]: Incoming request: GET /api/user/all-users
2024-10-10T23:10:22.034Z [INFO]: Incoming request: GET /api/user/all-users
2024-10-10T23:11:03.691Z [INFO]: Incoming request: GET /api/user/all-users
2024-10-10T23:11:03.697Z [INFO]: Incoming request: GET /api/area/all
2024-10-10T23:12:24.718Z [INFO]: Incoming request: GET /api/user/all-users
2024-10-10T23:15:02.830Z [INFO]: Incoming request: GET /api/user/all-users
2024-10-10T23:21:27.829Z [INFO]: Incoming request: GET /api/user/all-users
2024-10-10T23:21:53.847Z [INFO]: Incoming request: GET /api/user/all-users
2024-10-10T23:22:20.735Z [INFO]: Incoming request: GET /api/user/all-users
2024-10-10T23:22:56.683Z [INFO]: Incoming request: GET /api/user/all-users
2024-10-10T23:23:20.186Z [INFO]: Incoming request: GET /api/user/all-users
2024-10-10T23:23:26.851Z [INFO]: Incoming request: GET /api/user/all-users
2024-10-10T23:23:26.853Z [INFO]: Incoming request: GET /api/area/all
2024-10-10T23:23:51.816Z [INFO]: Incoming request: GET /api/user/all-users
2024-10-10T23:23:51.818Z [INFO]: Incoming request: GET /api/area/all
2024-10-10T23:24:38.511Z [INFO]: Incoming request: GET /api/user/all-users
2024-10-10T23:24:38.512Z [INFO]: Incoming request: GET /api/area/all
2024-10-10T23:28:37.665Z [INFO]: Incoming request: GET /api/user/all-users
2024-10-10T23:28:37.667Z [INFO]: Incoming request: GET /api/area/all
2024-10-10T23:30:17.437Z [INFO]: Incoming request: POST /api/user/login
2024-10-10T23:30:29.428Z [INFO]: Incoming request: GET /api/user/all-users
2024-10-10T23:30:45.510Z [INFO]: Incoming request: GET /api/user/all-users
2024-10-10T23:30:48.272Z [INFO]: Incoming request: POST /api/user/register
2024-10-10T23:31:10.758Z [INFO]: Incoming request: POST /api/user/register
2024-10-10T23:31:18.921Z [INFO]: Incoming request: GET /api/user/all-users
2024-10-10T23:35:00.109Z [INFO]: listening on port 3000
2024-10-10T23:35:01.433Z [INFO]: Database Connected
2024-10-10T23:35:09.652Z [INFO]: listening on port 3000
2024-10-10T23:35:15.510Z [INFO]: listening on port 3000
2024-10-10T23:35:16.822Z [INFO]: Database Connected
2024-10-10T23:36:09.637Z [INFO]: listening on port 3000
2024-10-10T23:36:10.723Z [INFO]: Database Connected
2024-10-10T23:36:17.142Z [INFO]: listening on port 3000
2024-10-10T23:36:18.104Z [INFO]: Database Connected
2024-10-10T23:36:22.397Z [INFO]: listening on port 3000
2024-10-10T23:36:25.625Z [INFO]: listening on port 3000
2024-10-10T23:36:26.611Z [INFO]: Database Connected
2024-10-10T23:36:29.272Z [INFO]: listening on port 3000
2024-10-10T23:36:30.268Z [INFO]: Database Connected
2024-10-10T23:36:34.133Z [INFO]: listening on port 3000
2024-10-10T23:36:35.216Z [INFO]: Database Connected
2024-10-10T23:36:38.089Z [INFO]: listening on port 3000
2024-10-10T23:36:39.502Z [INFO]: Database Connected
2024-10-10T23:37:07.859Z [INFO]: Incoming request: POST /api/user/register
2024-10-10T23:37:33.686Z [INFO]: Incoming request: GET /api/user/all-users
2024-10-10T23:38:08.366Z [INFO]: Incoming request: GET /api/user/all-users
2024-10-10T23:38:08.369Z [INFO]: Incoming request: GET /api/area/all
2024-10-10T23:39:18.666Z [INFO]: Incoming request: GET /api/user/all-users
2024-10-10T23:39:18.674Z [INFO]: Incoming request: GET /api/area/all
2024-10-10T23:41:24.059Z [INFO]: Incoming request: GET /api/user/all-users
2024-10-10T23:41:24.079Z [INFO]: Incoming request: GET /api/area/all
2024-10-10T23:42:07.312Z [INFO]: Incoming request: GET /api/user/all-users
2024-10-10T23:42:07.342Z [INFO]: Incoming request: GET /api/area/all
2024-10-10T23:42:11.345Z [INFO]: Incoming request: GET /api/user/all-users
2024-10-10T23:42:11.349Z [INFO]: Incoming request: GET /api/area/all
2024-10-10T23:42:57.515Z [INFO]: Incoming request: GET /api/user/all-users
2024-10-10T23:42:57.517Z [INFO]: Incoming request: GET /api/area/all
2024-10-10T23:43:08.473Z [INFO]: Incoming request: GET /api/user/all-users
2024-10-10T23:43:08.479Z [INFO]: Incoming request: GET /api/area/all
2024-10-10T23:43:36.028Z [INFO]: Incoming request: GET /api/user/all-users
2024-10-10T23:43:36.030Z [INFO]: Incoming request: GET /api/area/all
2024-10-10T23:43:36.215Z [INFO]: Incoming request: GET /api/user/all-users
2024-10-10T23:43:36.312Z [INFO]: Incoming request: GET /api/user/all-users
2024-10-10T23:43:45.617Z [INFO]: Incoming request: GET /api/user/all-users
2024-10-10T23:43:45.626Z [INFO]: Incoming request: GET /api/area/all
2024-10-10T23:43:45.818Z [INFO]: Incoming request: GET /api/user/all-users
2024-10-10T23:43:45.923Z [INFO]: Incoming request: GET /api/user/all-users
2024-10-10T23:43:52.509Z [INFO]: Incoming request: GET /api/user/all-users
2024-10-10T23:43:52.510Z [INFO]: Incoming request: GET /api/area/all
2024-10-10T23:43:52.604Z [INFO]: Incoming request: GET /api/user/all-users
2024-10-10T23:43:52.698Z [INFO]: Incoming request: GET /api/user/all-users
2024-10-10T23:43:52.801Z [INFO]: Incoming request: GET /api/user/all-users
2024-10-10T23:43:52.900Z [INFO]: Incoming request: GET /api/user/all-users
2024-10-10T23:43:57.327Z [INFO]: Incoming request: GET /api/user/all-users
2024-10-10T23:43:59.566Z [INFO]: Incoming request: GET /api/customer/all-customers
2024-10-10T23:44:24.841Z [INFO]: Incoming request: GET /api/customer/all-customers
2024-10-10T23:44:30.293Z [INFO]: Incoming request: GET /api/guarantor/all
2024-10-10T23:44:59.816Z [INFO]: Incoming request: GET /api/guarantor/all
2024-10-10T23:45:04.353Z [INFO]: Incoming request: GET /api/user/all-users
2024-10-10T23:45:10.239Z [INFO]: Incoming request: GET /api/user/all-users
2024-10-10T23:45:37.157Z [INFO]: Incoming request: GET /api/user/all-users
2024-10-10T23:45:37.163Z [INFO]: Incoming request: GET /api/area/all
2024-10-10T23:45:37.341Z [INFO]: Incoming request: GET /api/user/all-users
2024-10-10T23:45:37.442Z [INFO]: Incoming request: GET /api/user/all-users
2024-10-10T23:45:38.593Z [INFO]: Incoming request: GET /api/customer/all-customers
2024-10-10T23:45:46.342Z [INFO]: Incoming request: GET /api/guarantor/all
2024-10-10T23:46:13.907Z [INFO]: Incoming request: GET /api/guarantor/all
2024-10-10T23:46:19.244Z [INFO]: Incoming request: POST /api/guarantor/update/6707d7b216862d98cb117a4d
2024-10-10T23:46:39.041Z [INFO]: Incoming request: GET /api/user/all-users
2024-10-10T23:46:42.645Z [INFO]: Incoming request: POST /api/user/update/6706e6b3ba23410536a05c5e
2024-10-10T23:46:47.368Z [INFO]: Incoming request: GET /api/user/all-users
2024-10-10T23:46:47.371Z [INFO]: Incoming request: GET /api/area/all
2024-10-10T23:46:47.728Z [INFO]: Incoming request: GET /api/user/all-users
2024-10-10T23:46:47.842Z [INFO]: Incoming request: GET /api/user/all-users
2024-10-10T23:46:56.103Z [INFO]: Incoming request: POST /api/area/update/67071fa4456df60124462dd0
2024-10-10T23:47:00.075Z [INFO]: Incoming request: GET /api/user/all-users
2024-10-10T23:47:00.076Z [INFO]: Incoming request: GET /api/area/all
2024-10-10T23:47:00.318Z [INFO]: Incoming request: GET /api/user/all-users
2024-10-10T23:47:00.441Z [INFO]: Incoming request: GET /api/user/all-users
2024-10-11T09:54:46.997Z [INFO]: listening on port 3000
2024-10-11T09:54:48.511Z [INFO]: Database Connected
2024-10-11T09:55:01.735Z [INFO]: Incoming request: GET /api/user/all-users
2024-10-11T09:55:07.842Z [INFO]: Incoming request: GET /api/user/all-users
2024-10-11T09:55:07.844Z [INFO]: Incoming request: GET /api/area/all
2024-10-11T09:55:08.349Z [INFO]: Incoming request: GET /api/user/all-users
2024-10-11T09:55:08.523Z [INFO]: Incoming request: GET /api/user/all-users
2024-10-11T09:55:09.364Z [INFO]: Incoming request: GET /api/customer/all-customers
2024-10-11T09:55:10.862Z [INFO]: Incoming request: GET /api/guarantor/all
2024-10-11T09:55:12.279Z [INFO]: Incoming request: GET /api/customer/all-customers
2024-10-11T09:55:13.334Z [INFO]: Incoming request: GET /api/user/all-users
2024-10-11T09:55:13.337Z [INFO]: Incoming request: GET /api/area/all
2024-10-11T09:55:13.578Z [INFO]: Incoming request: GET /api/user/all-users
2024-10-11T09:55:13.705Z [INFO]: Incoming request: GET /api/user/all-users
2024-10-11T09:55:14.259Z [INFO]: Incoming request: GET /api/user/all-users
2024-10-11T09:55:14.908Z [INFO]: Incoming request: GET /api/user/all-users
2024-10-11T09:55:14.910Z [INFO]: Incoming request: GET /api/area/all
2024-10-11T09:55:15.110Z [INFO]: Incoming request: GET /api/user/all-users
2024-10-11T09:55:15.221Z [INFO]: Incoming request: GET /api/user/all-users
2024-10-11T09:55:15.757Z [INFO]: Incoming request: GET /api/customer/all-customers
2024-10-11T09:55:16.366Z [INFO]: Incoming request: GET /api/guarantor/all
2024-10-11T09:55:17.226Z [INFO]: Incoming request: GET /api/customer/all-customers
2024-10-11T09:55:18.051Z [INFO]: Incoming request: GET /api/user/all-users
2024-10-11T09:55:18.053Z [INFO]: Incoming request: GET /api/area/all
2024-10-11T09:55:18.290Z [INFO]: Incoming request: GET /api/user/all-users
2024-10-11T09:55:18.417Z [INFO]: Incoming request: GET /api/user/all-users
2024-10-11T09:55:19.000Z [INFO]: Incoming request: GET /api/user/all-users
2024-10-11T09:55:19.636Z [INFO]: Incoming request: GET /api/user/all-users
2024-10-11T09:55:19.643Z [INFO]: Incoming request: GET /api/area/all
2024-10-11T09:55:19.849Z [INFO]: Incoming request: GET /api/user/all-users
2024-10-11T09:55:19.980Z [INFO]: Incoming request: GET /api/user/all-users
2024-10-11T09:55:20.041Z [INFO]: Incoming request: GET /api/customer/all-customers
2024-10-11T09:55:20.568Z [INFO]: Incoming request: GET /api/guarantor/all
2024-10-11T09:55:21.139Z [INFO]: Incoming request: GET /api/customer/all-customers
2024-10-11T09:55:21.691Z [INFO]: Incoming request: GET /api/user/all-users
2024-10-11T09:55:21.694Z [INFO]: Incoming request: GET /api/area/all
2024-10-11T09:55:21.930Z [INFO]: Incoming request: GET /api/user/all-users
2024-10-11T09:55:22.036Z [INFO]: Incoming request: GET /api/user/all-users
2024-10-11T09:55:22.155Z [INFO]: Incoming request: GET /api/user/all-users
2024-10-11T09:55:22.707Z [INFO]: Incoming request: GET /api/user/all-users
2024-10-11T09:55:22.709Z [INFO]: Incoming request: GET /api/area/all
2024-10-11T09:55:22.909Z [INFO]: Incoming request: GET /api/user/all-users
2024-10-11T09:55:23.019Z [INFO]: Incoming request: GET /api/user/all-users
2024-10-11T09:55:23.271Z [INFO]: Incoming request: GET /api/customer/all-customers
2024-10-11T09:55:23.607Z [INFO]: Incoming request: GET /api/guarantor/all
2024-10-11T09:55:24.258Z [INFO]: Incoming request: GET /api/customer/all-customers
2024-10-11T09:55:24.647Z [INFO]: Incoming request: GET /api/user/all-users
2024-10-11T09:55:24.653Z [INFO]: Incoming request: GET /api/area/all
2024-10-11T09:55:25.018Z [INFO]: Incoming request: GET /api/user/all-users
2024-10-11T09:55:26.045Z [INFO]: Incoming request: GET /api/customer/all-customers
2024-10-11T09:55:27.419Z [INFO]: Incoming request: GET /api/user/all-users
2024-10-11T09:55:27.420Z [INFO]: Incoming request: GET /api/area/all
2024-10-11T09:55:27.665Z [INFO]: Incoming request: GET /api/user/all-users
2024-10-11T09:55:28.077Z [INFO]: Incoming request: GET /api/user/all-users
2024-10-11T09:55:28.176Z [INFO]: Incoming request: GET /api/user/all-users
2024-10-11T09:55:28.229Z [INFO]: Incoming request: GET /api/area/all
2024-10-11T09:55:28.309Z [INFO]: Incoming request: GET /api/user/all-users
2024-10-11T09:55:28.429Z [INFO]: Incoming request: GET /api/user/all-users
2024-10-11T09:55:28.537Z [INFO]: Incoming request: GET /api/user/all-users
2024-10-11T09:55:29.322Z [INFO]: Incoming request: GET /api/customer/all-customers
2024-10-11T09:55:30.017Z [INFO]: Incoming request: GET /api/guarantor/all
2024-10-11T09:55:30.483Z [INFO]: Incoming request: GET /api/customer/all-customers
2024-10-11T09:55:30.897Z [INFO]: Incoming request: GET /api/user/all-users
2024-10-11T09:55:30.906Z [INFO]: Incoming request: GET /api/area/all
2024-10-11T09:55:31.141Z [INFO]: Incoming request: GET /api/user/all-users
2024-10-11T09:55:31.259Z [INFO]: Incoming request: GET /api/user/all-users
2024-10-11T09:55:31.553Z [INFO]: Incoming request: GET /api/user/all-users
2024-10-11T09:55:32.131Z [INFO]: Incoming request: GET /api/user/all-users
2024-10-11T09:55:32.133Z [INFO]: Incoming request: GET /api/area/all
2024-10-11T09:55:32.370Z [INFO]: Incoming request: GET /api/user/all-users
2024-10-11T09:55:32.501Z [INFO]: Incoming request: GET /api/user/all-users
2024-10-11T09:55:32.746Z [INFO]: Incoming request: GET /api/customer/all-customers
2024-10-11T09:55:33.210Z [INFO]: Incoming request: GET /api/guarantor/all
2024-10-11T09:55:43.830Z [INFO]: Incoming request: GET /api/user/all-users
2024-10-11T10:00:05.950Z [INFO]: Incoming request: GET /api/user/all-users
2024-10-11T10:00:05.952Z [INFO]: Incoming request: GET /api/area/all
2024-10-11T10:00:06.159Z [INFO]: Incoming request: GET /api/user/all-users
2024-10-11T10:00:06.269Z [INFO]: Incoming request: GET /api/user/all-users
2024-10-11T10:03:40.731Z [INFO]: Incoming request: GET /api/user/all-users
2024-10-11T10:03:40.741Z [INFO]: Incoming request: GET /api/area/all
2024-10-11T10:03:40.865Z [INFO]: Incoming request: GET /api/user/all-users
2024-10-11T10:03:40.995Z [INFO]: Incoming request: GET /api/user/all-users
2024-10-11T10:03:41.142Z [INFO]: Incoming request: GET /api/user/all-users
2024-10-11T10:03:41.305Z [INFO]: Incoming request: GET /api/user/all-users
2024-10-11T10:04:01.236Z [INFO]: Incoming request: GET /api/user/all-users
2024-10-11T10:04:01.238Z [INFO]: Incoming request: GET /api/area/all
2024-10-11T10:04:01.348Z [INFO]: Incoming request: GET /api/user/all-users
2024-10-11T10:04:01.541Z [INFO]: Incoming request: GET /api/user/all-users
2024-10-11T10:04:01.665Z [INFO]: Incoming request: GET /api/user/all-users
2024-10-11T10:04:01.879Z [INFO]: Incoming request: GET /api/user/all-users
2024-10-11T10:04:02.622Z [INFO]: Incoming request: GET /api/user/all-users
2024-10-11T10:04:02.638Z [INFO]: Incoming request: GET /api/area/all
2024-10-11T10:04:02.843Z [INFO]: Incoming request: GET /api/user/all-users
2024-10-11T10:04:02.950Z [INFO]: Incoming request: GET /api/user/all-users
2024-10-11T10:04:03.075Z [INFO]: Incoming request: GET /api/user/all-users
2024-10-11T10:04:03.184Z [INFO]: Incoming request: GET /api/user/all-users
2024-10-11T10:04:42.799Z [INFO]: Incoming request: POST /api/area/create
2024-10-11T10:04:46.732Z [INFO]: Incoming request: GET /api/user/all-users
2024-10-11T10:04:46.736Z [INFO]: Incoming request: GET /api/area/all
2024-10-11T10:04:47.073Z [INFO]: Incoming request: GET /api/user/all-users
2024-10-11T10:04:47.181Z [INFO]: Incoming request: GET /api/user/all-users
2024-10-11T10:04:47.285Z [INFO]: Incoming request: GET /api/user/all-users
2024-10-11T10:05:21.405Z [INFO]: Incoming request: GET /api/customer/all-customers
2024-10-11T10:07:46.847Z [INFO]: Incoming request: GET /api/area/all
2024-10-11T10:07:46.849Z [INFO]: Incoming request: GET /api/user/all-users
2024-10-11T10:07:47.600Z [INFO]: Incoming request: GET /api/user/all-users
2024-10-11T10:07:47.937Z [INFO]: Incoming request: GET /api/user/all-users
2024-10-11T10:07:48.138Z [INFO]: Incoming request: GET /api/user/all-users
2024-10-11T10:10:16.338Z [INFO]: Incoming request: GET /api/user/all-users
2024-10-11T10:10:16.344Z [INFO]: Incoming request: GET /api/area/all
2024-10-11T10:10:16.458Z [INFO]: Incoming request: GET /api/user/all-users
2024-10-11T10:10:16.595Z [INFO]: Incoming request: GET /api/user/all-users
2024-10-11T10:10:16.705Z [INFO]: Incoming request: GET /api/user/all-users
2024-10-11T10:10:17.234Z [INFO]: Incoming request: GET /api/user/all-users
2024-10-11T10:10:17.371Z [INFO]: Incoming request: GET /api/user/all-users
2024-10-11T10:10:17.490Z [INFO]: Incoming request: GET /api/user/all-users
2024-10-11T10:10:25.856Z [INFO]: Incoming request: GET /api/user/all-users
2024-10-11T10:10:25.858Z [INFO]: Incoming request: GET /api/area/all
2024-10-11T10:10:26.089Z [INFO]: Incoming request: GET /api/user/all-users
2024-10-11T10:10:26.251Z [INFO]: Incoming request: GET /api/user/all-users
2024-10-11T10:10:26.384Z [INFO]: Incoming request: GET /api/user/all-users
2024-10-11T10:10:26.497Z [INFO]: Incoming request: GET /api/user/all-users
2024-10-11T10:10:26.654Z [INFO]: Incoming request: GET /api/user/all-users
2024-10-11T10:10:26.779Z [INFO]: Incoming request: GET /api/user/all-users
2024-10-11T10:10:32.777Z [INFO]: Incoming request: GET /api/user/all-users
2024-10-11T10:10:32.779Z [INFO]: Incoming request: GET /api/area/all
2024-10-11T10:10:32.890Z [INFO]: Incoming request: GET /api/user/all-users
2024-10-11T10:10:32.994Z [INFO]: Incoming request: GET /api/user/all-users
2024-10-11T10:10:33.098Z [INFO]: Incoming request: GET /api/user/all-users
2024-10-11T10:10:33.293Z [INFO]: Incoming request: GET /api/user/all-users
2024-10-11T10:10:33.396Z [INFO]: Incoming request: GET /api/user/all-users
2024-10-11T10:10:33.567Z [INFO]: Incoming request: GET /api/user/all-users
2024-10-11T10:10:42.166Z [INFO]: Incoming request: GET /api/user/all-users
2024-10-11T10:10:42.167Z [INFO]: Incoming request: GET /api/area/all
2024-10-11T10:10:42.298Z [INFO]: Incoming request: GET /api/user/all-users
2024-10-11T10:10:42.433Z [INFO]: Incoming request: GET /api/user/all-users
2024-10-11T10:10:42.544Z [INFO]: Incoming request: GET /api/user/all-users
2024-10-11T10:10:42.650Z [INFO]: Incoming request: GET /api/user/all-users
2024-10-11T10:10:42.759Z [INFO]: Incoming request: GET /api/user/all-users
2024-10-11T10:10:42.893Z [INFO]: Incoming request: GET /api/user/all-users
2024-10-11T10:10:48.404Z [INFO]: Incoming request: GET /api/user/all-users
2024-10-11T10:10:48.409Z [INFO]: Incoming request: GET /api/area/all
2024-10-11T10:10:48.546Z [INFO]: Incoming request: GET /api/user/all-users
2024-10-11T10:10:48.679Z [INFO]: Incoming request: GET /api/user/all-users
2024-10-11T10:10:48.805Z [INFO]: Incoming request: GET /api/user/all-users
2024-10-11T10:10:48.923Z [INFO]: Incoming request: GET /api/user/all-users
2024-10-11T10:10:49.057Z [INFO]: Incoming request: GET /api/user/all-users
2024-10-11T10:10:49.192Z [INFO]: Incoming request: GET /api/user/all-users
2024-10-11T10:11:15.530Z [INFO]: Incoming request: GET /api/user/all-users
2024-10-11T10:11:15.532Z [INFO]: Incoming request: GET /api/area/all
2024-10-11T10:11:15.660Z [INFO]: Incoming request: GET /api/user/all-users
2024-10-11T10:11:15.819Z [INFO]: Incoming request: GET /api/user/all-users
2024-10-11T10:11:15.949Z [INFO]: Incoming request: GET /api/user/all-users
2024-10-11T10:11:16.061Z [INFO]: Incoming request: GET /api/user/all-users
2024-10-11T10:11:16.188Z [INFO]: Incoming request: GET /api/user/all-users
2024-10-11T10:11:16.350Z [INFO]: Incoming request: GET /api/user/all-users
2024-10-11T10:11:22.761Z [INFO]: Incoming request: GET /api/user/all-users
2024-10-11T10:11:22.764Z [INFO]: Incoming request: GET /api/area/all
2024-10-11T10:11:22.879Z [INFO]: Incoming request: GET /api/user/all-users
2024-10-11T10:11:22.978Z [INFO]: Incoming request: GET /api/user/all-users
2024-10-11T10:11:23.094Z [INFO]: Incoming request: GET /api/user/all-users
2024-10-11T10:11:23.236Z [INFO]: Incoming request: GET /api/user/all-users
2024-10-11T10:11:23.375Z [INFO]: Incoming request: GET /api/user/all-users
2024-10-11T10:11:23.496Z [INFO]: Incoming request: GET /api/user/all-users
2024-10-11T10:11:27.341Z [INFO]: Incoming request: GET /api/user/all-users
2024-10-11T10:11:27.346Z [INFO]: Incoming request: GET /api/area/all
2024-10-11T10:11:27.461Z [INFO]: Incoming request: GET /api/user/all-users
2024-10-11T10:11:27.576Z [INFO]: Incoming request: GET /api/user/all-users
2024-10-11T10:11:27.676Z [INFO]: Incoming request: GET /api/user/all-users
2024-10-11T10:11:27.776Z [INFO]: Incoming request: GET /api/user/all-users
2024-10-11T10:11:27.875Z [INFO]: Incoming request: GET /api/user/all-users
2024-10-11T10:11:27.977Z [INFO]: Incoming request: GET /api/user/all-users
2024-10-11T10:12:02.514Z [INFO]: listening on port 3000
2024-10-11T10:12:05.496Z [INFO]: Database Connected
2024-10-11T10:12:07.303Z [INFO]: listening on port 3000
2024-10-11T10:12:08.362Z [INFO]: Database Connected
2024-10-11T10:14:09.888Z [INFO]: Incoming request: GET /api/user/all-users
2024-10-11T10:15:48.335Z [INFO]: Incoming request: GET /api/user/all-users
2024-10-11T10:15:48.339Z [INFO]: Incoming request: GET /api/area/all
2024-10-11T10:15:48.550Z [INFO]: Incoming request: GET /api/user/all-users
2024-10-11T10:15:48.659Z [INFO]: Incoming request: GET /api/user/all-users
2024-10-11T10:15:48.783Z [INFO]: Incoming request: GET /api/user/all-users
2024-10-11T10:17:33.234Z [INFO]: Incoming request: POST /api/area/create
2024-10-11T10:18:39.921Z [INFO]: Incoming request: GET /api/user/all-users
2024-10-11T10:19:00.523Z [INFO]: Incoming request: POST /api/user/register
2024-10-11T10:19:16.408Z [INFO]: Incoming request: GET /api/user/all-users
2024-10-11T10:20:01.594Z [INFO]: listening on port 3000
2024-10-11T10:20:03.212Z [INFO]: Database Connected
2024-10-11T10:20:11.887Z [INFO]: listening on port 3000
2024-10-11T10:20:13.110Z [INFO]: Database Connected
2024-10-11T10:20:38.706Z [INFO]: listening on port 3000
2024-10-11T10:20:39.812Z [INFO]: Database Connected
2024-10-11T10:20:51.424Z [INFO]: Incoming request: GET /api/user/all-users
2024-10-11T10:20:51.433Z [INFO]: Incoming request: GET /api/area/all
2024-10-11T10:20:51.920Z [INFO]: Incoming request: GET /api/user/all-users
2024-10-11T10:20:52.019Z [INFO]: Incoming request: GET /api/user/all-users
2024-10-11T10:20:52.140Z [INFO]: Incoming request: GET /api/user/all-users
2024-10-11T10:20:52.255Z [INFO]: Incoming request: GET /api/user/all-users
2024-10-11T10:20:55.596Z [INFO]: Incoming request: GET /api/customer/all-customers
2024-10-11T10:28:37.406Z [INFO]: Incoming request: GET /api/customer/all-customers
2024-10-11T10:28:47.224Z [INFO]: Incoming request: GET /api/area/all
2024-10-11T10:28:47.226Z [INFO]: Incoming request: GET /api/customer/all-customers
2024-10-11T10:28:47.420Z [INFO]: Incoming request: GET /api/area/all
2024-10-11T10:28:47.587Z [INFO]: Incoming request: GET /api/area/all
2024-10-11T10:28:47.755Z [INFO]: Incoming request: GET /api/area/all
2024-10-11T10:28:47.950Z [INFO]: Incoming request: GET /api/area/all
2024-10-11T10:28:48.163Z [INFO]: Incoming request: GET /api/area/all
2024-10-11T10:28:48.368Z [INFO]: Incoming request: GET /api/area/all
2024-10-11T10:28:48.553Z [INFO]: Incoming request: GET /api/area/all
2024-10-11T10:28:48.786Z [INFO]: Incoming request: GET /api/area/all
2024-10-11T10:28:52.543Z [INFO]: Incoming request: GET /api/area/all
2024-10-11T10:28:52.548Z [INFO]: Incoming request: GET /api/customer/all-customers
2024-10-11T10:28:52.835Z [INFO]: Incoming request: GET /api/area/all
2024-10-11T10:28:53.037Z [INFO]: Incoming request: GET /api/area/all
2024-10-11T10:28:53.236Z [INFO]: Incoming request: GET /api/area/all
2024-10-11T10:28:53.454Z [INFO]: Incoming request: GET /api/area/all
2024-10-11T10:28:53.751Z [INFO]: Incoming request: GET /api/area/all
2024-10-11T10:28:54.031Z [INFO]: Incoming request: GET /api/area/all
2024-10-11T10:28:54.230Z [INFO]: Incoming request: GET /api/area/all
2024-10-11T10:28:54.430Z [INFO]: Incoming request: GET /api/area/all
2024-10-11T10:29:10.817Z [INFO]: Incoming request: GET /api/area/all
2024-10-11T10:29:10.820Z [INFO]: Incoming request: GET /api/customer/all-customers
2024-10-11T10:29:11.308Z [INFO]: Incoming request: GET /api/area/all
2024-10-11T10:29:11.533Z [INFO]: Incoming request: GET /api/area/all
2024-10-11T10:29:11.706Z [INFO]: Incoming request: GET /api/area/all
2024-10-11T10:29:11.887Z [INFO]: Incoming request: GET /api/area/all
2024-10-11T10:29:12.088Z [INFO]: Incoming request: GET /api/area/all
2024-10-11T10:29:12.285Z [INFO]: Incoming request: GET /api/area/all
2024-10-11T10:29:12.468Z [INFO]: Incoming request: GET /api/area/all
2024-10-11T10:29:12.675Z [INFO]: Incoming request: GET /api/area/all
2024-10-11T10:29:15.109Z [INFO]: Incoming request: GET /api/area/all
2024-10-11T10:29:15.126Z [INFO]: Incoming request: GET /api/customer/all-customers
2024-10-11T10:29:15.370Z [INFO]: Incoming request: GET /api/area/all
2024-10-11T10:29:15.747Z [INFO]: Incoming request: GET /api/area/all
2024-10-11T10:29:15.962Z [INFO]: Incoming request: GET /api/area/all
2024-10-11T10:29:16.146Z [INFO]: Incoming request: GET /api/area/all
2024-10-11T10:29:16.308Z [INFO]: Incoming request: GET /api/area/all
2024-10-11T10:29:16.470Z [INFO]: Incoming request: GET /api/area/all
2024-10-11T10:29:16.771Z [INFO]: Incoming request: GET /api/area/all
2024-10-11T10:29:16.887Z [INFO]: Incoming request: GET /api/customer/all-customers
2024-10-11T10:29:17.265Z [INFO]: Incoming request: GET /api/area/all
2024-10-11T10:29:17.453Z [INFO]: Incoming request: GET /api/area/all
2024-10-11T10:29:17.774Z [INFO]: Incoming request: GET /api/area/all
2024-10-11T10:29:17.947Z [INFO]: Incoming request: GET /api/area/all
2024-10-11T10:29:18.113Z [INFO]: Incoming request: GET /api/area/all
2024-10-11T10:29:18.306Z [INFO]: Incoming request: GET /api/area/all
2024-10-11T10:29:18.505Z [INFO]: Incoming request: GET /api/area/all
2024-10-11T10:29:18.667Z [INFO]: Incoming request: GET /api/area/all
2024-10-11T10:29:18.831Z [INFO]: Incoming request: GET /api/area/all
2024-10-11T10:29:19.005Z [INFO]: Incoming request: GET /api/area/all
2024-10-11T10:29:21.657Z [INFO]: Incoming request: GET /api/area/all
2024-10-11T10:29:21.669Z [INFO]: Incoming request: GET /api/customer/all-customers
2024-10-11T10:29:21.851Z [INFO]: Incoming request: GET /api/area/all
2024-10-11T10:29:22.025Z [INFO]: Incoming request: GET /api/area/all
2024-10-11T10:29:22.218Z [INFO]: Incoming request: GET /api/area/all
2024-10-11T10:29:22.407Z [INFO]: Incoming request: GET /api/area/all
2024-10-11T10:29:22.705Z [INFO]: Incoming request: GET /api/area/all
2024-10-11T10:29:23.003Z [INFO]: Incoming request: GET /api/area/all
2024-10-11T10:29:23.246Z [INFO]: Incoming request: GET /api/customer/all-customers
2024-10-11T10:29:23.585Z [INFO]: Incoming request: GET /api/area/all
2024-10-11T10:29:23.771Z [INFO]: Incoming request: GET /api/area/all
2024-10-11T10:29:23.973Z [INFO]: Incoming request: GET /api/area/all
2024-10-11T10:29:24.222Z [INFO]: Incoming request: GET /api/area/all
2024-10-11T10:29:24.455Z [INFO]: Incoming request: GET /api/customer/all-customers
2024-10-11T10:29:24.464Z [INFO]: Incoming request: GET /api/area/all
2024-10-11T10:29:24.655Z [INFO]: Incoming request: GET /api/area/all
2024-10-11T10:29:24.830Z [INFO]: Incoming request: GET /api/area/all
2024-10-11T10:29:25.034Z [INFO]: Incoming request: GET /api/area/all
2024-10-11T10:29:25.249Z [INFO]: Incoming request: GET /api/area/all
2024-10-11T10:29:25.736Z [INFO]: Incoming request: GET /api/area/all
2024-10-11T10:29:25.905Z [INFO]: Incoming request: GET /api/area/all
2024-10-11T10:29:26.175Z [INFO]: Incoming request: GET /api/customer/all-customers
2024-10-11T10:29:26.188Z [INFO]: Incoming request: GET /api/area/all
2024-10-11T10:29:26.432Z [INFO]: Incoming request: GET /api/area/all
2024-10-11T10:29:26.630Z [INFO]: Incoming request: GET /api/area/all
2024-10-11T10:29:26.870Z [INFO]: Incoming request: GET /api/area/all
2024-10-11T10:29:27.081Z [INFO]: Incoming request: GET /api/area/all
2024-10-11T10:29:27.316Z [INFO]: Incoming request: GET /api/area/all
2024-10-11T10:29:27.520Z [INFO]: Incoming request: GET /api/area/all
2024-10-11T10:29:27.706Z [INFO]: Incoming request: GET /api/area/all
2024-10-11T10:29:27.872Z [INFO]: Incoming request: GET /api/area/all
2024-10-11T10:29:28.086Z [INFO]: Incoming request: GET /api/area/all
2024-10-11T10:29:28.305Z [INFO]: Incoming request: GET /api/area/all
2024-10-11T10:29:28.505Z [INFO]: Incoming request: GET /api/area/all
2024-10-11T10:29:28.685Z [INFO]: Incoming request: GET /api/area/all
2024-10-11T10:29:28.916Z [INFO]: Incoming request: GET /api/area/all
2024-10-11T10:29:29.240Z [INFO]: Incoming request: GET /api/area/all
2024-10-11T10:29:29.431Z [INFO]: Incoming request: GET /api/area/all
2024-10-11T10:29:29.653Z [INFO]: Incoming request: GET /api/area/all
2024-10-11T10:29:30.054Z [INFO]: Incoming request: GET /api/customer/all-customers
2024-10-11T10:29:30.229Z [INFO]: Incoming request: GET /api/area/all
2024-10-11T10:29:30.584Z [INFO]: Incoming request: GET /api/area/all
2024-10-11T10:29:30.769Z [INFO]: Incoming request: GET /api/area/all
2024-10-11T10:29:30.967Z [INFO]: Incoming request: GET /api/area/all
2024-10-11T10:29:31.167Z [INFO]: Incoming request: GET /api/area/all
2024-10-11T10:29:31.353Z [INFO]: Incoming request: GET /api/area/all
2024-10-11T10:29:31.520Z [INFO]: Incoming request: GET /api/area/all
2024-10-11T10:29:31.706Z [INFO]: Incoming request: GET /api/area/all
2024-10-11T10:29:31.915Z [INFO]: Incoming request: GET /api/area/all
2024-10-11T10:29:32.112Z [INFO]: Incoming request: GET /api/area/all
2024-10-11T10:29:40.251Z [INFO]: Incoming request: GET /api/area/all
2024-10-11T10:29:40.277Z [INFO]: Incoming request: GET /api/customer/all-customers
2024-10-11T10:29:40.482Z [INFO]: Incoming request: GET /api/area/all
2024-10-11T10:29:40.674Z [INFO]: Incoming request: GET /api/area/all
2024-10-11T10:29:40.939Z [INFO]: Incoming request: GET /api/area/all
2024-10-11T10:29:41.120Z [INFO]: Incoming request: GET /api/area/all
2024-10-11T10:29:41.331Z [INFO]: Incoming request: GET /api/area/all
2024-10-11T10:29:41.513Z [INFO]: Incoming request: GET /api/area/all
2024-10-11T10:29:41.684Z [INFO]: Incoming request: GET /api/area/all
2024-10-11T10:29:41.895Z [INFO]: Incoming request: GET /api/area/all
2024-10-11T10:30:17.771Z [INFO]: Incoming request: GET /api/area/all
2024-10-11T10:30:17.774Z [INFO]: Incoming request: GET /api/customer/all-customers
2024-10-11T10:30:17.999Z [INFO]: Incoming request: GET /api/area/all
2024-10-11T10:30:18.192Z [INFO]: Incoming request: GET /api/area/all
2024-10-11T10:30:18.362Z [INFO]: Incoming request: GET /api/area/all
2024-10-11T10:30:18.570Z [INFO]: Incoming request: GET /api/area/all
2024-10-11T10:30:18.754Z [INFO]: Incoming request: GET /api/area/all
2024-10-11T10:30:18.924Z [INFO]: Incoming request: GET /api/area/all
2024-10-11T10:30:19.094Z [INFO]: Incoming request: GET /api/area/all
2024-10-11T10:30:19.272Z [INFO]: Incoming request: GET /api/area/all
2024-10-11T10:30:25.784Z [INFO]: Incoming request: POST /api/customer/update/6707047b8d9c502b0f867499
2024-10-11T10:30:55.617Z [INFO]: listening on port 3000
2024-10-11T10:30:58.514Z [INFO]: listening on port 3000
2024-10-11T10:30:59.603Z [INFO]: Database Connected
2024-10-11T10:31:19.396Z [INFO]: Incoming request: GET /api/user/all-users
2024-10-11T10:31:19.405Z [INFO]: Incoming request: GET /api/area/all
2024-10-11T10:31:19.677Z [INFO]: Incoming request: GET /api/user/all-users
2024-10-11T10:31:19.800Z [INFO]: Incoming request: GET /api/user/all-users
2024-10-11T10:31:19.935Z [INFO]: Incoming request: GET /api/user/all-users
2024-10-11T10:31:20.072Z [INFO]: Incoming request: GET /api/user/all-users
2024-10-11T10:31:28.965Z [INFO]: Incoming request: GET /api/area/all
2024-10-11T10:31:28.968Z [INFO]: Incoming request: GET /api/customer/all-customers
2024-10-11T10:31:29.281Z [INFO]: Incoming request: GET /api/area/all
2024-10-11T10:31:29.505Z [INFO]: Incoming request: GET /api/area/all
2024-10-11T10:31:29.673Z [INFO]: Incoming request: GET /api/area/all
2024-10-11T10:31:29.866Z [INFO]: Incoming request: GET /api/area/all
2024-10-11T10:31:36.825Z [INFO]: Incoming request: POST /api/customer/update/670810c67e937193bb12f9b4
2024-10-11T10:41:28.645Z [INFO]: listening on port 3000
2024-10-11T10:41:30.072Z [INFO]: Database Connected
2024-10-11T10:41:55.232Z [INFO]: Incoming request: POST /api/user/login
2024-10-11T11:05:00.180Z [INFO]: Incoming request: GET /api/user/all-users
2024-10-11T11:05:00.750Z [INFO]: Incoming request: GET /api/user/all-users
2024-10-11T11:05:00.756Z [INFO]: Incoming request: GET /api/area/all
2024-10-11T11:05:01.388Z [INFO]: Incoming request: GET /api/user/all-users
2024-10-11T11:05:01.512Z [INFO]: Incoming request: GET /api/user/all-users
2024-10-11T11:05:01.628Z [INFO]: Incoming request: GET /api/user/all-users
2024-10-11T11:05:01.763Z [INFO]: Incoming request: GET /api/user/all-users
2024-10-11T11:05:01.951Z [INFO]: Incoming request: GET /api/area/all
2024-10-11T11:05:01.988Z [INFO]: Incoming request: GET /api/customer/all-customers
2024-10-11T11:05:02.133Z [INFO]: Incoming request: GET /api/area/all
2024-10-11T11:05:02.350Z [INFO]: Incoming request: GET /api/area/all
2024-10-11T11:05:02.540Z [INFO]: Incoming request: GET /api/area/all
2024-10-11T11:05:02.734Z [INFO]: Incoming request: GET /api/area/all
2024-10-11T11:05:02.968Z [INFO]: Incoming request: GET /api/guarantor/all
2024-10-11T11:36:34.039Z [INFO]: Incoming request: GET /api/guarantor/all
2024-10-11T11:38:01.296Z [INFO]: Incoming request: POST /api/user/login
2024-10-11T12:05:21.540Z [INFO]: Incoming request: GET /api/user/all-users
2024-10-11T12:05:22.270Z [INFO]: Incoming request: GET /api/user/all-users
2024-10-11T12:05:22.275Z [INFO]: Incoming request: GET /api/area/all
2024-10-11T12:05:22.518Z [INFO]: Incoming request: GET /api/user/all-users
2024-10-11T12:05:22.636Z [INFO]: Incoming request: GET /api/user/all-users
2024-10-11T12:05:22.756Z [INFO]: Incoming request: GET /api/user/all-users
2024-10-11T12:05:22.880Z [INFO]: Incoming request: GET /api/user/all-users
2024-10-11T12:05:23.230Z [INFO]: Incoming request: GET /api/area/all
2024-10-11T12:05:23.236Z [INFO]: Incoming request: GET /api/customer/all-customers
2024-10-11T12:05:23.456Z [INFO]: Incoming request: GET /api/area/all
2024-10-11T12:05:23.675Z [INFO]: Incoming request: GET /api/area/all
2024-10-11T12:05:23.863Z [INFO]: Incoming request: GET /api/area/all
2024-10-11T12:05:24.059Z [INFO]: Incoming request: GET /api/area/all
2024-10-11T12:05:24.085Z [INFO]: Incoming request: GET /api/guarantor/all
2024-10-11T12:18:03.250Z [INFO]: Incoming request: POST /api/user/login
